<?xml version="1.0" encoding="UTF-8"?>
<!-- Generated by org.testng.reporters.JUnitReportReporter -->
<testsuite hostname="Prashanth" failures="0" tests="1" name="Dummy.DummyProject1" time="4.599" errors="0" timestamp="2025-05-09T11:36:51 IST" skipped="0">
  <testcase classname="Dummy.DummyProject1" name="addDummy" time="4.599"/>
  <system-out>
    <![CDATA[Dummy is executed]]>
  </system-out>
</testsuite> <!-- Dummy.DummyProject1 -->
