<?xml version="1.0" encoding="UTF-8"?>
<!-- Generated by org.testng.reporters.JUnitReportReporter -->
<testsuite hostname="Prashanth" failures="0" tests="1" name="Dummy.DummyProject1" time="69.454" errors="0" timestamp="2025-05-08T12:40:57 IST" skipped="0">
  <testcase classname="Dummy.DummyProject1" name="addDummy" time="69.454"/>
  <system-out>
    <![CDATA[Dummy is executed]]>
  </system-out>
</testsuite> <!-- Dummy.DummyProject1 -->
